ninja: Entering directory `build_unittest_sanitize/asan'
[1/115] /opt/homebrew/bin/ccache /Applications/Xcode.app/Contents/Developer/Toolchains/XcodeDefault.xctoolchain/usr/bin/c++  -I/Users/andrew/zzCoding-play/triton/build_unittest_sanitize/asan/lib/Dialect/TritonGPU/Transforms -I/Users/andrew/zzCoding-play/triton/lib/Dialect/TritonGPU/Transforms -I/Users/andrew/zzCoding-play/triton/include -I/Users/andrew/zzCoding-play/triton/. -I/opt/homebrew/Cellar/llvm/20.1.8/include -I/Users/andrew/zzCoding-play/triton/build_unittest_sanitize/asan/include -I/Users/andrew/zzCoding-play/triton/third_party -I/Users/andrew/zzCoding-play/triton/build_unittest_sanitize/asan/third_party -D__STDC_FORMAT_MACROS  -fPIC -std=gnu++17 -Werror -Wno-covered-switch-default -fvisibility=hidden -O3 -DNDEBUG -std=gnu++17 -arch arm64 -isysroot /Applications/Xcode.app/Contents/Developer/Platforms/MacOSX.platform/Developer/SDKs/MacOSX15.5.sdk  -fno-exceptions -funwind-tables -MD -MT lib/Dialect/TritonGPU/Transforms/CMakeFiles/TritonGPUTransforms.dir/F32DotTC.cpp.o -MF lib/Dialect/TritonGPU/Transforms/CMakeFiles/TritonGPUTransforms.dir/F32DotTC.cpp.o.d -o lib/Dialect/TritonGPU/Transforms/CMakeFiles/TritonGPUTransforms.dir/F32DotTC.cpp.o -c /Users/andrew/zzCoding-play/triton/lib/Dialect/TritonGPU/Transforms/F32DotTC.cpp
FAILED: [code=1] lib/Dialect/TritonGPU/Transforms/CMakeFiles/TritonGPUTransforms.dir/F32DotTC.cpp.o 
/opt/homebrew/bin/ccache /Applications/Xcode.app/Contents/Developer/Toolchains/XcodeDefault.xctoolchain/usr/bin/c++  -I/Users/andrew/zzCoding-play/triton/build_unittest_sanitize/asan/lib/Dialect/TritonGPU/Transforms -I/Users/andrew/zzCoding-play/triton/lib/Dialect/TritonGPU/Transforms -I/Users/andrew/zzCoding-play/triton/include -I/Users/andrew/zzCoding-play/triton/. -I/opt/homebrew/Cellar/llvm/20.1.8/include -I/Users/andrew/zzCoding-play/triton/build_unittest_sanitize/asan/include -I/Users/andrew/zzCoding-play/triton/third_party -I/Users/andrew/zzCoding-play/triton/build_unittest_sanitize/asan/third_party -D__STDC_FORMAT_MACROS  -fPIC -std=gnu++17 -Werror -Wno-covered-switch-default -fvisibility=hidden -O3 -DNDEBUG -std=gnu++17 -arch arm64 -isysroot /Applications/Xcode.app/Contents/Developer/Platforms/MacOSX.platform/Developer/SDKs/MacOSX15.5.sdk  -fno-exceptions -funwind-tables -MD -MT lib/Dialect/TritonGPU/Transforms/CMakeFiles/TritonGPUTransforms.dir/F32DotTC.cpp.o -MF lib/Dialect/TritonGPU/Transforms/CMakeFiles/TritonGPUTransforms.dir/F32DotTC.cpp.o.d -o lib/Dialect/TritonGPU/Transforms/CMakeFiles/TritonGPUTransforms.dir/F32DotTC.cpp.o -c /Users/andrew/zzCoding-play/triton/lib/Dialect/TritonGPU/Transforms/F32DotTC.cpp
In file included from /Users/andrew/zzCoding-play/triton/lib/Dialect/TritonGPU/Transforms/F32DotTC.cpp:3:
In file included from /Users/andrew/zzCoding-play/triton/include/triton/Dialect/TritonGPU/Transforms/Passes.h:5:
/Users/andrew/zzCoding-play/triton/third_party/nvidia/include/Dialect/NVWS/IR/Dialect.h:31:10: fatal error: 'nvidia/include/Dialect/NVWS/IR/Dialect.h.inc' file not found
   31 | #include "nvidia/include/Dialect/NVWS/IR/Dialect.h.inc"
      |          ^~~~~~~~~~~~~~~~~~~~~~~~~~~~~~~~~~~~~~~~~~~~~~
1 error generated.
[2/115] /opt/homebrew/bin/ccache /Applications/Xcode.app/Contents/Developer/Toolchains/XcodeDefault.xctoolchain/usr/bin/c++  -I/Users/andrew/zzCoding-play/triton/build_unittest_sanitize/asan/lib/Dialect/TritonGPU/Transforms -I/Users/andrew/zzCoding-play/triton/lib/Dialect/TritonGPU/Transforms -I/Users/andrew/zzCoding-play/triton/include -I/Users/andrew/zzCoding-play/triton/. -I/opt/homebrew/Cellar/llvm/20.1.8/include -I/Users/andrew/zzCoding-play/triton/build_unittest_sanitize/asan/include -I/Users/andrew/zzCoding-play/triton/third_party -I/Users/andrew/zzCoding-play/triton/build_unittest_sanitize/asan/third_party -D__STDC_FORMAT_MACROS  -fPIC -std=gnu++17 -Werror -Wno-covered-switch-default -fvisibility=hidden -O3 -DNDEBUG -std=gnu++17 -arch arm64 -isysroot /Applications/Xcode.app/Contents/Developer/Platforms/MacOSX.platform/Developer/SDKs/MacOSX15.5.sdk  -fno-exceptions -funwind-tables -MD -MT lib/Dialect/TritonGPU/Transforms/CMakeFiles/TritonGPUTransforms.dir/FuseNestedLoops.cpp.o -MF lib/Dialect/TritonGPU/Transforms/CMakeFiles/TritonGPUTransforms.dir/FuseNestedLoops.cpp.o.d -o lib/Dialect/TritonGPU/Transforms/CMakeFiles/TritonGPUTransforms.dir/FuseNestedLoops.cpp.o -c /Users/andrew/zzCoding-play/triton/lib/Dialect/TritonGPU/Transforms/FuseNestedLoops.cpp
FAILED: [code=1] lib/Dialect/TritonGPU/Transforms/CMakeFiles/TritonGPUTransforms.dir/FuseNestedLoops.cpp.o 
/opt/homebrew/bin/ccache /Applications/Xcode.app/Contents/Developer/Toolchains/XcodeDefault.xctoolchain/usr/bin/c++  -I/Users/andrew/zzCoding-play/triton/build_unittest_sanitize/asan/lib/Dialect/TritonGPU/Transforms -I/Users/andrew/zzCoding-play/triton/lib/Dialect/TritonGPU/Transforms -I/Users/andrew/zzCoding-play/triton/include -I/Users/andrew/zzCoding-play/triton/. -I/opt/homebrew/Cellar/llvm/20.1.8/include -I/Users/andrew/zzCoding-play/triton/build_unittest_sanitize/asan/include -I/Users/andrew/zzCoding-play/triton/third_party -I/Users/andrew/zzCoding-play/triton/build_unittest_sanitize/asan/third_party -D__STDC_FORMAT_MACROS  -fPIC -std=gnu++17 -Werror -Wno-covered-switch-default -fvisibility=hidden -O3 -DNDEBUG -std=gnu++17 -arch arm64 -isysroot /Applications/Xcode.app/Contents/Developer/Platforms/MacOSX.platform/Developer/SDKs/MacOSX15.5.sdk  -fno-exceptions -funwind-tables -MD -MT lib/Dialect/TritonGPU/Transforms/CMakeFiles/TritonGPUTransforms.dir/FuseNestedLoops.cpp.o -MF lib/Dialect/TritonGPU/Transforms/CMakeFiles/TritonGPUTransforms.dir/FuseNestedLoops.cpp.o.d -o lib/Dialect/TritonGPU/Transforms/CMakeFiles/TritonGPUTransforms.dir/FuseNestedLoops.cpp.o -c /Users/andrew/zzCoding-play/triton/lib/Dialect/TritonGPU/Transforms/FuseNestedLoops.cpp
In file included from /Users/andrew/zzCoding-play/triton/lib/Dialect/TritonGPU/Transforms/FuseNestedLoops.cpp:7:
In file included from /Users/andrew/zzCoding-play/triton/include/triton/Dialect/TritonGPU/Transforms/Passes.h:5:
/Users/andrew/zzCoding-play/triton/third_party/nvidia/include/Dialect/NVWS/IR/Dialect.h:31:10: fatal error: 'nvidia/include/Dialect/NVWS/IR/Dialect.h.inc' file not found
   31 | #include "nvidia/include/Dialect/NVWS/IR/Dialect.h.inc"
      |          ^~~~~~~~~~~~~~~~~~~~~~~~~~~~~~~~~~~~~~~~~~~~~~
1 error generated.
[3/115] /opt/homebrew/bin/ccache /Applications/Xcode.app/Contents/Developer/Toolchains/XcodeDefault.xctoolchain/usr/bin/c++  -I/Users/andrew/zzCoding-play/triton/build_unittest_sanitize/asan/lib/Dialect/TritonGPU/Transforms -I/Users/andrew/zzCoding-play/triton/lib/Dialect/TritonGPU/Transforms -I/Users/andrew/zzCoding-play/triton/include -I/Users/andrew/zzCoding-play/triton/. -I/opt/homebrew/Cellar/llvm/20.1.8/include -I/Users/andrew/zzCoding-play/triton/build_unittest_sanitize/asan/include -I/Users/andrew/zzCoding-play/triton/third_party -I/Users/andrew/zzCoding-play/triton/build_unittest_sanitize/asan/third_party -D__STDC_FORMAT_MACROS  -fPIC -std=gnu++17 -Werror -Wno-covered-switch-default -fvisibility=hidden -O3 -DNDEBUG -std=gnu++17 -arch arm64 -isysroot /Applications/Xcode.app/Contents/Developer/Platforms/MacOSX.platform/Developer/SDKs/MacOSX15.5.sdk  -fno-exceptions -funwind-tables -MD -MT lib/Dialect/TritonGPU/Transforms/CMakeFiles/TritonGPUTransforms.dir/AccelerateMatmul.cpp.o -MF lib/Dialect/TritonGPU/Transforms/CMakeFiles/TritonGPUTransforms.dir/AccelerateMatmul.cpp.o.d -o lib/Dialect/TritonGPU/Transforms/CMakeFiles/TritonGPUTransforms.dir/AccelerateMatmul.cpp.o -c /Users/andrew/zzCoding-play/triton/lib/Dialect/TritonGPU/Transforms/AccelerateMatmul.cpp
FAILED: [code=1] lib/Dialect/TritonGPU/Transforms/CMakeFiles/TritonGPUTransforms.dir/AccelerateMatmul.cpp.o 
/opt/homebrew/bin/ccache /Applications/Xcode.app/Contents/Developer/Toolchains/XcodeDefault.xctoolchain/usr/bin/c++  -I/Users/andrew/zzCoding-play/triton/build_unittest_sanitize/asan/lib/Dialect/TritonGPU/Transforms -I/Users/andrew/zzCoding-play/triton/lib/Dialect/TritonGPU/Transforms -I/Users/andrew/zzCoding-play/triton/include -I/Users/andrew/zzCoding-play/triton/. -I/opt/homebrew/Cellar/llvm/20.1.8/include -I/Users/andrew/zzCoding-play/triton/build_unittest_sanitize/asan/include -I/Users/andrew/zzCoding-play/triton/third_party -I/Users/andrew/zzCoding-play/triton/build_unittest_sanitize/asan/third_party -D__STDC_FORMAT_MACROS  -fPIC -std=gnu++17 -Werror -Wno-covered-switch-default -fvisibility=hidden -O3 -DNDEBUG -std=gnu++17 -arch arm64 -isysroot /Applications/Xcode.app/Contents/Developer/Platforms/MacOSX.platform/Developer/SDKs/MacOSX15.5.sdk  -fno-exceptions -funwind-tables -MD -MT lib/Dialect/TritonGPU/Transforms/CMakeFiles/TritonGPUTransforms.dir/AccelerateMatmul.cpp.o -MF lib/Dialect/TritonGPU/Transforms/CMakeFiles/TritonGPUTransforms.dir/AccelerateMatmul.cpp.o.d -o lib/Dialect/TritonGPU/Transforms/CMakeFiles/TritonGPUTransforms.dir/AccelerateMatmul.cpp.o -c /Users/andrew/zzCoding-play/triton/lib/Dialect/TritonGPU/Transforms/AccelerateMatmul.cpp
In file included from /Users/andrew/zzCoding-play/triton/lib/Dialect/TritonGPU/Transforms/AccelerateMatmul.cpp:16:
In file included from /Users/andrew/zzCoding-play/triton/include/triton/Dialect/TritonGPU/Transforms/Passes.h:5:
/Users/andrew/zzCoding-play/triton/third_party/nvidia/include/Dialect/NVWS/IR/Dialect.h:31:10: fatal error: 'nvidia/include/Dialect/NVWS/IR/Dialect.h.inc' file not found
   31 | #include "nvidia/include/Dialect/NVWS/IR/Dialect.h.inc"
      |          ^~~~~~~~~~~~~~~~~~~~~~~~~~~~~~~~~~~~~~~~~~~~~~
1 error generated.
[4/115] /opt/homebrew/bin/ccache /Applications/Xcode.app/Contents/Developer/Toolchains/XcodeDefault.xctoolchain/usr/bin/c++  -I/Users/andrew/zzCoding-play/triton/build_unittest_sanitize/asan/lib/Dialect/TritonGPU/Transforms -I/Users/andrew/zzCoding-play/triton/lib/Dialect/TritonGPU/Transforms -I/Users/andrew/zzCoding-play/triton/include -I/Users/andrew/zzCoding-play/triton/. -I/opt/homebrew/Cellar/llvm/20.1.8/include -I/Users/andrew/zzCoding-play/triton/build_unittest_sanitize/asan/include -I/Users/andrew/zzCoding-play/triton/third_party -I/Users/andrew/zzCoding-play/triton/build_unittest_sanitize/asan/third_party -D__STDC_FORMAT_MACROS  -fPIC -std=gnu++17 -Werror -Wno-covered-switch-default -fvisibility=hidden -O3 -DNDEBUG -std=gnu++17 -arch arm64 -isysroot /Applications/Xcode.app/Contents/Developer/Platforms/MacOSX.platform/Developer/SDKs/MacOSX15.5.sdk  -fno-exceptions -funwind-tables -MD -MT lib/Dialect/TritonGPU/Transforms/CMakeFiles/TritonGPUTransforms.dir/OptimizeDotOperands.cpp.o -MF lib/Dialect/TritonGPU/Transforms/CMakeFiles/TritonGPUTransforms.dir/OptimizeDotOperands.cpp.o.d -o lib/Dialect/TritonGPU/Transforms/CMakeFiles/TritonGPUTransforms.dir/OptimizeDotOperands.cpp.o -c /Users/andrew/zzCoding-play/triton/lib/Dialect/TritonGPU/Transforms/OptimizeDotOperands.cpp
FAILED: [code=1] lib/Dialect/TritonGPU/Transforms/CMakeFiles/TritonGPUTransforms.dir/OptimizeDotOperands.cpp.o 
/opt/homebrew/bin/ccache /Applications/Xcode.app/Contents/Developer/Toolchains/XcodeDefault.xctoolchain/usr/bin/c++  -I/Users/andrew/zzCoding-play/triton/build_unittest_sanitize/asan/lib/Dialect/TritonGPU/Transforms -I/Users/andrew/zzCoding-play/triton/lib/Dialect/TritonGPU/Transforms -I/Users/andrew/zzCoding-play/triton/include -I/Users/andrew/zzCoding-play/triton/. -I/opt/homebrew/Cellar/llvm/20.1.8/include -I/Users/andrew/zzCoding-play/triton/build_unittest_sanitize/asan/include -I/Users/andrew/zzCoding-play/triton/third_party -I/Users/andrew/zzCoding-play/triton/build_unittest_sanitize/asan/third_party -D__STDC_FORMAT_MACROS  -fPIC -std=gnu++17 -Werror -Wno-covered-switch-default -fvisibility=hidden -O3 -DNDEBUG -std=gnu++17 -arch arm64 -isysroot /Applications/Xcode.app/Contents/Developer/Platforms/MacOSX.platform/Developer/SDKs/MacOSX15.5.sdk  -fno-exceptions -funwind-tables -MD -MT lib/Dialect/TritonGPU/Transforms/CMakeFiles/TritonGPUTransforms.dir/OptimizeDotOperands.cpp.o -MF lib/Dialect/TritonGPU/Transforms/CMakeFiles/TritonGPUTransforms.dir/OptimizeDotOperands.cpp.o.d -o lib/Dialect/TritonGPU/Transforms/CMakeFiles/TritonGPUTransforms.dir/OptimizeDotOperands.cpp.o -c /Users/andrew/zzCoding-play/triton/lib/Dialect/TritonGPU/Transforms/OptimizeDotOperands.cpp
In file included from /Users/andrew/zzCoding-play/triton/lib/Dialect/TritonGPU/Transforms/OptimizeDotOperands.cpp:11:
In file included from /Users/andrew/zzCoding-play/triton/include/triton/Dialect/TritonGPU/Transforms/Passes.h:5:
/Users/andrew/zzCoding-play/triton/third_party/nvidia/include/Dialect/NVWS/IR/Dialect.h:31:10: fatal error: 'nvidia/include/Dialect/NVWS/IR/Dialect.h.inc' file not found
   31 | #include "nvidia/include/Dialect/NVWS/IR/Dialect.h.inc"
      |          ^~~~~~~~~~~~~~~~~~~~~~~~~~~~~~~~~~~~~~~~~~~~~~
1 error generated.
[5/115] /opt/homebrew/bin/ccache /Applications/Xcode.app/Contents/Developer/Toolchains/XcodeDefault.xctoolchain/usr/bin/c++  -I/Users/andrew/zzCoding-play/triton/build_unittest_sanitize/asan/lib/Dialect/TritonGPU/Transforms -I/Users/andrew/zzCoding-play/triton/lib/Dialect/TritonGPU/Transforms -I/Users/andrew/zzCoding-play/triton/include -I/Users/andrew/zzCoding-play/triton/. -I/opt/homebrew/Cellar/llvm/20.1.8/include -I/Users/andrew/zzCoding-play/triton/build_unittest_sanitize/asan/include -I/Users/andrew/zzCoding-play/triton/third_party -I/Users/andrew/zzCoding-play/triton/build_unittest_sanitize/asan/third_party -D__STDC_FORMAT_MACROS  -fPIC -std=gnu++17 -Werror -Wno-covered-switch-default -fvisibility=hidden -O3 -DNDEBUG -std=gnu++17 -arch arm64 -isysroot /Applications/Xcode.app/Contents/Developer/Platforms/MacOSX.platform/Developer/SDKs/MacOSX15.5.sdk  -fno-exceptions -funwind-tables -MD -MT lib/Dialect/TritonGPU/Transforms/CMakeFiles/TritonGPUTransforms.dir/Coalesce.cpp.o -MF lib/Dialect/TritonGPU/Transforms/CMakeFiles/TritonGPUTransforms.dir/Coalesce.cpp.o.d -o lib/Dialect/TritonGPU/Transforms/CMakeFiles/TritonGPUTransforms.dir/Coalesce.cpp.o -c /Users/andrew/zzCoding-play/triton/lib/Dialect/TritonGPU/Transforms/Coalesce.cpp
FAILED: [code=1] lib/Dialect/TritonGPU/Transforms/CMakeFiles/TritonGPUTransforms.dir/Coalesce.cpp.o 
/opt/homebrew/bin/ccache /Applications/Xcode.app/Contents/Developer/Toolchains/XcodeDefault.xctoolchain/usr/bin/c++  -I/Users/andrew/zzCoding-play/triton/build_unittest_sanitize/asan/lib/Dialect/TritonGPU/Transforms -I/Users/andrew/zzCoding-play/triton/lib/Dialect/TritonGPU/Transforms -I/Users/andrew/zzCoding-play/triton/include -I/Users/andrew/zzCoding-play/triton/. -I/opt/homebrew/Cellar/llvm/20.1.8/include -I/Users/andrew/zzCoding-play/triton/build_unittest_sanitize/asan/include -I/Users/andrew/zzCoding-play/triton/third_party -I/Users/andrew/zzCoding-play/triton/build_unittest_sanitize/asan/third_party -D__STDC_FORMAT_MACROS  -fPIC -std=gnu++17 -Werror -Wno-covered-switch-default -fvisibility=hidden -O3 -DNDEBUG -std=gnu++17 -arch arm64 -isysroot /Applications/Xcode.app/Contents/Developer/Platforms/MacOSX.platform/Developer/SDKs/MacOSX15.5.sdk  -fno-exceptions -funwind-tables -MD -MT lib/Dialect/TritonGPU/Transforms/CMakeFiles/TritonGPUTransforms.dir/Coalesce.cpp.o -MF lib/Dialect/TritonGPU/Transforms/CMakeFiles/TritonGPUTransforms.dir/Coalesce.cpp.o.d -o lib/Dialect/TritonGPU/Transforms/CMakeFiles/TritonGPUTransforms.dir/Coalesce.cpp.o -c /Users/andrew/zzCoding-play/triton/lib/Dialect/TritonGPU/Transforms/Coalesce.cpp
In file included from /Users/andrew/zzCoding-play/triton/lib/Dialect/TritonGPU/Transforms/Coalesce.cpp:9:
In file included from /Users/andrew/zzCoding-play/triton/include/triton/Dialect/TritonGPU/Transforms/Passes.h:5:
/Users/andrew/zzCoding-play/triton/third_party/nvidia/include/Dialect/NVWS/IR/Dialect.h:31:10: fatal error: 'nvidia/include/Dialect/NVWS/IR/Dialect.h.inc' file not found
   31 | #include "nvidia/include/Dialect/NVWS/IR/Dialect.h.inc"
      |          ^~~~~~~~~~~~~~~~~~~~~~~~~~~~~~~~~~~~~~~~~~~~~~
1 error generated.
[6/115] /opt/homebrew/bin/ccache /Applications/Xcode.app/Contents/Developer/Toolchains/XcodeDefault.xctoolchain/usr/bin/c++  -I/Users/andrew/zzCoding-play/triton/build_unittest_sanitize/asan/lib/Dialect/TritonGPU/Transforms -I/Users/andrew/zzCoding-play/triton/lib/Dialect/TritonGPU/Transforms -I/Users/andrew/zzCoding-play/triton/include -I/Users/andrew/zzCoding-play/triton/. -I/opt/homebrew/Cellar/llvm/20.1.8/include -I/Users/andrew/zzCoding-play/triton/build_unittest_sanitize/asan/include -I/Users/andrew/zzCoding-play/triton/third_party -I/Users/andrew/zzCoding-play/triton/build_unittest_sanitize/asan/third_party -D__STDC_FORMAT_MACROS  -fPIC -std=gnu++17 -Werror -Wno-covered-switch-default -fvisibility=hidden -O3 -DNDEBUG -std=gnu++17 -arch arm64 -isysroot /Applications/Xcode.app/Contents/Developer/Platforms/MacOSX.platform/Developer/SDKs/MacOSX15.5.sdk  -fno-exceptions -funwind-tables -MD -MT lib/Dialect/TritonGPU/Transforms/CMakeFiles/TritonGPUTransforms.dir/CombineTensorSelectAndIf.cpp.o -MF lib/Dialect/TritonGPU/Transforms/CMakeFiles/TritonGPUTransforms.dir/CombineTensorSelectAndIf.cpp.o.d -o lib/Dialect/TritonGPU/Transforms/CMakeFiles/TritonGPUTransforms.dir/CombineTensorSelectAndIf.cpp.o -c /Users/andrew/zzCoding-play/triton/lib/Dialect/TritonGPU/Transforms/CombineTensorSelectAndIf.cpp
FAILED: [code=1] lib/Dialect/TritonGPU/Transforms/CMakeFiles/TritonGPUTransforms.dir/CombineTensorSelectAndIf.cpp.o 
/opt/homebrew/bin/ccache /Applications/Xcode.app/Contents/Developer/Toolchains/XcodeDefault.xctoolchain/usr/bin/c++  -I/Users/andrew/zzCoding-play/triton/build_unittest_sanitize/asan/lib/Dialect/TritonGPU/Transforms -I/Users/andrew/zzCoding-play/triton/lib/Dialect/TritonGPU/Transforms -I/Users/andrew/zzCoding-play/triton/include -I/Users/andrew/zzCoding-play/triton/. -I/opt/homebrew/Cellar/llvm/20.1.8/include -I/Users/andrew/zzCoding-play/triton/build_unittest_sanitize/asan/include -I/Users/andrew/zzCoding-play/triton/third_party -I/Users/andrew/zzCoding-play/triton/build_unittest_sanitize/asan/third_party -D__STDC_FORMAT_MACROS  -fPIC -std=gnu++17 -Werror -Wno-covered-switch-default -fvisibility=hidden -O3 -DNDEBUG -std=gnu++17 -arch arm64 -isysroot /Applications/Xcode.app/Contents/Developer/Platforms/MacOSX.platform/Developer/SDKs/MacOSX15.5.sdk  -fno-exceptions -funwind-tables -MD -MT lib/Dialect/TritonGPU/Transforms/CMakeFiles/TritonGPUTransforms.dir/CombineTensorSelectAndIf.cpp.o -MF lib/Dialect/TritonGPU/Transforms/CMakeFiles/TritonGPUTransforms.dir/CombineTensorSelectAndIf.cpp.o.d -o lib/Dialect/TritonGPU/Transforms/CMakeFiles/TritonGPUTransforms.dir/CombineTensorSelectAndIf.cpp.o -c /Users/andrew/zzCoding-play/triton/lib/Dialect/TritonGPU/Transforms/CombineTensorSelectAndIf.cpp
In file included from /Users/andrew/zzCoding-play/triton/lib/Dialect/TritonGPU/Transforms/CombineTensorSelectAndIf.cpp:6:
In file included from /Users/andrew/zzCoding-play/triton/include/triton/Dialect/TritonGPU/Transforms/Passes.h:5:
/Users/andrew/zzCoding-play/triton/third_party/nvidia/include/Dialect/NVWS/IR/Dialect.h:31:10: fatal error: 'nvidia/include/Dialect/NVWS/IR/Dialect.h.inc' file not found
   31 | #include "nvidia/include/Dialect/NVWS/IR/Dialect.h.inc"
      |          ^~~~~~~~~~~~~~~~~~~~~~~~~~~~~~~~~~~~~~~~~~~~~~
1 error generated.
[7/115] /opt/homebrew/bin/ccache /Applications/Xcode.app/Contents/Developer/Toolchains/XcodeDefault.xctoolchain/usr/bin/c++  -I/Users/andrew/zzCoding-play/triton/build_unittest_sanitize/asan/lib/Dialect/TritonGPU/Transforms -I/Users/andrew/zzCoding-play/triton/lib/Dialect/TritonGPU/Transforms -I/Users/andrew/zzCoding-play/triton/include -I/Users/andrew/zzCoding-play/triton/. -I/opt/homebrew/Cellar/llvm/20.1.8/include -I/Users/andrew/zzCoding-play/triton/build_unittest_sanitize/asan/include -I/Users/andrew/zzCoding-play/triton/third_party -I/Users/andrew/zzCoding-play/triton/build_unittest_sanitize/asan/third_party -D__STDC_FORMAT_MACROS  -fPIC -std=gnu++17 -Werror -Wno-covered-switch-default -fvisibility=hidden -O3 -DNDEBUG -std=gnu++17 -arch arm64 -isysroot /Applications/Xcode.app/Contents/Developer/Platforms/MacOSX.platform/Developer/SDKs/MacOSX15.5.sdk  -fno-exceptions -funwind-tables -MD -MT lib/Dialect/TritonGPU/Transforms/CMakeFiles/TritonGPUTransforms.dir/ReduceDataDuplication.cpp.o -MF lib/Dialect/TritonGPU/Transforms/CMakeFiles/TritonGPUTransforms.dir/ReduceDataDuplication.cpp.o.d -o lib/Dialect/TritonGPU/Transforms/CMakeFiles/TritonGPUTransforms.dir/ReduceDataDuplication.cpp.o -c /Users/andrew/zzCoding-play/triton/lib/Dialect/TritonGPU/Transforms/ReduceDataDuplication.cpp
FAILED: [code=1] lib/Dialect/TritonGPU/Transforms/CMakeFiles/TritonGPUTransforms.dir/ReduceDataDuplication.cpp.o 
/opt/homebrew/bin/ccache /Applications/Xcode.app/Contents/Developer/Toolchains/XcodeDefault.xctoolchain/usr/bin/c++  -I/Users/andrew/zzCoding-play/triton/build_unittest_sanitize/asan/lib/Dialect/TritonGPU/Transforms -I/Users/andrew/zzCoding-play/triton/lib/Dialect/TritonGPU/Transforms -I/Users/andrew/zzCoding-play/triton/include -I/Users/andrew/zzCoding-play/triton/. -I/opt/homebrew/Cellar/llvm/20.1.8/include -I/Users/andrew/zzCoding-play/triton/build_unittest_sanitize/asan/include -I/Users/andrew/zzCoding-play/triton/third_party -I/Users/andrew/zzCoding-play/triton/build_unittest_sanitize/asan/third_party -D__STDC_FORMAT_MACROS  -fPIC -std=gnu++17 -Werror -Wno-covered-switch-default -fvisibility=hidden -O3 -DNDEBUG -std=gnu++17 -arch arm64 -isysroot /Applications/Xcode.app/Contents/Developer/Platforms/MacOSX.platform/Developer/SDKs/MacOSX15.5.sdk  -fno-exceptions -funwind-tables -MD -MT lib/Dialect/TritonGPU/Transforms/CMakeFiles/TritonGPUTransforms.dir/ReduceDataDuplication.cpp.o -MF lib/Dialect/TritonGPU/Transforms/CMakeFiles/TritonGPUTransforms.dir/ReduceDataDuplication.cpp.o.d -o lib/Dialect/TritonGPU/Transforms/CMakeFiles/TritonGPUTransforms.dir/ReduceDataDuplication.cpp.o -c /Users/andrew/zzCoding-play/triton/lib/Dialect/TritonGPU/Transforms/ReduceDataDuplication.cpp
In file included from /Users/andrew/zzCoding-play/triton/lib/Dialect/TritonGPU/Transforms/ReduceDataDuplication.cpp:18:
In file included from /Users/andrew/zzCoding-play/triton/include/triton/Dialect/TritonGPU/Transforms/Passes.h:5:
/Users/andrew/zzCoding-play/triton/third_party/nvidia/include/Dialect/NVWS/IR/Dialect.h:31:10: fatal error: 'nvidia/include/Dialect/NVWS/IR/Dialect.h.inc' file not found
   31 | #include "nvidia/include/Dialect/NVWS/IR/Dialect.h.inc"
      |          ^~~~~~~~~~~~~~~~~~~~~~~~~~~~~~~~~~~~~~~~~~~~~~
1 error generated.
[8/115] /opt/homebrew/bin/ccache /Applications/Xcode.app/Contents/Developer/Toolchains/XcodeDefault.xctoolchain/usr/bin/c++  -I/Users/andrew/zzCoding-play/triton/build_unittest_sanitize/asan/lib/Dialect/TritonGPU/Transforms -I/Users/andrew/zzCoding-play/triton/lib/Dialect/TritonGPU/Transforms -I/Users/andrew/zzCoding-play/triton/include -I/Users/andrew/zzCoding-play/triton/. -I/opt/homebrew/Cellar/llvm/20.1.8/include -I/Users/andrew/zzCoding-play/triton/build_unittest_sanitize/asan/include -I/Users/andrew/zzCoding-play/triton/third_party -I/Users/andrew/zzCoding-play/triton/build_unittest_sanitize/asan/third_party -D__STDC_FORMAT_MACROS  -fPIC -std=gnu++17 -Werror -Wno-covered-switch-default -fvisibility=hidden -O3 -DNDEBUG -std=gnu++17 -arch arm64 -isysroot /Applications/Xcode.app/Contents/Developer/Platforms/MacOSX.platform/Developer/SDKs/MacOSX15.5.sdk  -fno-exceptions -funwind-tables -MD -MT lib/Dialect/TritonGPU/Transforms/CMakeFiles/TritonGPUTransforms.dir/HoistTMEMAlloc.cpp.o -MF lib/Dialect/TritonGPU/Transforms/CMakeFiles/TritonGPUTransforms.dir/HoistTMEMAlloc.cpp.o.d -o lib/Dialect/TritonGPU/Transforms/CMakeFiles/TritonGPUTransforms.dir/HoistTMEMAlloc.cpp.o -c /Users/andrew/zzCoding-play/triton/lib/Dialect/TritonGPU/Transforms/HoistTMEMAlloc.cpp
FAILED: [code=1] lib/Dialect/TritonGPU/Transforms/CMakeFiles/TritonGPUTransforms.dir/HoistTMEMAlloc.cpp.o 
/opt/homebrew/bin/ccache /Applications/Xcode.app/Contents/Developer/Toolchains/XcodeDefault.xctoolchain/usr/bin/c++  -I/Users/andrew/zzCoding-play/triton/build_unittest_sanitize/asan/lib/Dialect/TritonGPU/Transforms -I/Users/andrew/zzCoding-play/triton/lib/Dialect/TritonGPU/Transforms -I/Users/andrew/zzCoding-play/triton/include -I/Users/andrew/zzCoding-play/triton/. -I/opt/homebrew/Cellar/llvm/20.1.8/include -I/Users/andrew/zzCoding-play/triton/build_unittest_sanitize/asan/include -I/Users/andrew/zzCoding-play/triton/third_party -I/Users/andrew/zzCoding-play/triton/build_unittest_sanitize/asan/third_party -D__STDC_FORMAT_MACROS  -fPIC -std=gnu++17 -Werror -Wno-covered-switch-default -fvisibility=hidden -O3 -DNDEBUG -std=gnu++17 -arch arm64 -isysroot /Applications/Xcode.app/Contents/Developer/Platforms/MacOSX.platform/Developer/SDKs/MacOSX15.5.sdk  -fno-exceptions -funwind-tables -MD -MT lib/Dialect/TritonGPU/Transforms/CMakeFiles/TritonGPUTransforms.dir/HoistTMEMAlloc.cpp.o -MF lib/Dialect/TritonGPU/Transforms/CMakeFiles/TritonGPUTransforms.dir/HoistTMEMAlloc.cpp.o.d -o lib/Dialect/TritonGPU/Transforms/CMakeFiles/TritonGPUTransforms.dir/HoistTMEMAlloc.cpp.o -c /Users/andrew/zzCoding-play/triton/lib/Dialect/TritonGPU/Transforms/HoistTMEMAlloc.cpp
In file included from /Users/andrew/zzCoding-play/triton/lib/Dialect/TritonGPU/Transforms/HoistTMEMAlloc.cpp:5:
In file included from /Users/andrew/zzCoding-play/triton/include/triton/Dialect/TritonGPU/Transforms/Passes.h:5:
/Users/andrew/zzCoding-play/triton/third_party/nvidia/include/Dialect/NVWS/IR/Dialect.h:31:10: fatal error: 'nvidia/include/Dialect/NVWS/IR/Dialect.h.inc' file not found
   31 | #include "nvidia/include/Dialect/NVWS/IR/Dialect.h.inc"
      |          ^~~~~~~~~~~~~~~~~~~~~~~~~~~~~~~~~~~~~~~~~~~~~~
1 error generated.
[9/115] /opt/homebrew/bin/ccache /Applications/Xcode.app/Contents/Developer/Toolchains/XcodeDefault.xctoolchain/usr/bin/c++  -I/Users/andrew/zzCoding-play/triton/build_unittest_sanitize/asan/lib/Dialect/TritonGPU/Transforms -I/Users/andrew/zzCoding-play/triton/lib/Dialect/TritonGPU/Transforms -I/Users/andrew/zzCoding-play/triton/include -I/Users/andrew/zzCoding-play/triton/. -I/opt/homebrew/Cellar/llvm/20.1.8/include -I/Users/andrew/zzCoding-play/triton/build_unittest_sanitize/asan/include -I/Users/andrew/zzCoding-play/triton/third_party -I/Users/andrew/zzCoding-play/triton/build_unittest_sanitize/asan/third_party -D__STDC_FORMAT_MACROS  -fPIC -std=gnu++17 -Werror -Wno-covered-switch-default -fvisibility=hidden -O3 -DNDEBUG -std=gnu++17 -arch arm64 -isysroot /Applications/Xcode.app/Contents/Developer/Platforms/MacOSX.platform/Developer/SDKs/MacOSX15.5.sdk  -fno-exceptions -funwind-tables -MD -MT lib/Dialect/TritonGPU/Transforms/CMakeFiles/TritonGPUTransforms.dir/DecomposeScaledBlocked.cpp.o -MF lib/Dialect/TritonGPU/Transforms/CMakeFiles/TritonGPUTransforms.dir/DecomposeScaledBlocked.cpp.o.d -o lib/Dialect/TritonGPU/Transforms/CMakeFiles/TritonGPUTransforms.dir/DecomposeScaledBlocked.cpp.o -c /Users/andrew/zzCoding-play/triton/lib/Dialect/TritonGPU/Transforms/DecomposeScaledBlocked.cpp
FAILED: [code=1] lib/Dialect/TritonGPU/Transforms/CMakeFiles/TritonGPUTransforms.dir/DecomposeScaledBlocked.cpp.o 
/opt/homebrew/bin/ccache /Applications/Xcode.app/Contents/Developer/Toolchains/XcodeDefault.xctoolchain/usr/bin/c++  -I/Users/andrew/zzCoding-play/triton/build_unittest_sanitize/asan/lib/Dialect/TritonGPU/Transforms -I/Users/andrew/zzCoding-play/triton/lib/Dialect/TritonGPU/Transforms -I/Users/andrew/zzCoding-play/triton/include -I/Users/andrew/zzCoding-play/triton/. -I/opt/homebrew/Cellar/llvm/20.1.8/include -I/Users/andrew/zzCoding-play/triton/build_unittest_sanitize/asan/include -I/Users/andrew/zzCoding-play/triton/third_party -I/Users/andrew/zzCoding-play/triton/build_unittest_sanitize/asan/third_party -D__STDC_FORMAT_MACROS  -fPIC -std=gnu++17 -Werror -Wno-covered-switch-default -fvisibility=hidden -O3 -DNDEBUG -std=gnu++17 -arch arm64 -isysroot /Applications/Xcode.app/Contents/Developer/Platforms/MacOSX.platform/Developer/SDKs/MacOSX15.5.sdk  -fno-exceptions -funwind-tables -MD -MT lib/Dialect/TritonGPU/Transforms/CMakeFiles/TritonGPUTransforms.dir/DecomposeScaledBlocked.cpp.o -MF lib/Dialect/TritonGPU/Transforms/CMakeFiles/TritonGPUTransforms.dir/DecomposeScaledBlocked.cpp.o.d -o lib/Dialect/TritonGPU/Transforms/CMakeFiles/TritonGPUTransforms.dir/DecomposeScaledBlocked.cpp.o -c /Users/andrew/zzCoding-play/triton/lib/Dialect/TritonGPU/Transforms/DecomposeScaledBlocked.cpp
/Users/andrew/zzCoding-play/triton/lib/Dialect/TritonGPU/Transforms/DecomposeScaledBlocked.cpp:52:26: error: no member named 'cloneWithEncoding' in 'mlir::RankedTensorType'
   52 |       auto retTy = vType.cloneWithEncoding(encoding);
      |                    ~~~~~ ^
/Users/andrew/zzCoding-play/triton/lib/Dialect/TritonGPU/Transforms/DecomposeScaledBlocked.cpp:130:32: error: no member named 'cloneWithEncoding' in 'mlir::RankedTensorType'
  130 |       auto sliceType = scaleTy.cloneWithEncoding(sliceEnc);
      |                        ~~~~~~~ ^
/Users/andrew/zzCoding-play/triton/lib/Dialect/TritonGPU/Transforms/DecomposeScaledBlocked.cpp:174:21: error: no member named 'cloneWithEncoding' in 'mlir::RankedTensorType'
  174 |     condTy = condTy.cloneWithEncoding(mxfp.getType().getEncoding());
      |              ~~~~~~ ^
3 errors generated.
[10/115] /opt/homebrew/bin/ccache /Applications/Xcode.app/Contents/Developer/Toolchains/XcodeDefault.xctoolchain/usr/bin/c++  -I/Users/andrew/zzCoding-play/triton/build_unittest_sanitize/asan/lib/Conversion/TritonInstrumentToLLVM -I/Users/andrew/zzCoding-play/triton/lib/Conversion/TritonInstrumentToLLVM -I/Users/andrew/zzCoding-play/triton/include -I/Users/andrew/zzCoding-play/triton/. -I/opt/homebrew/Cellar/llvm/20.1.8/include -I/Users/andrew/zzCoding-play/triton/build_unittest_sanitize/asan/include -I/Users/andrew/zzCoding-play/triton/third_party -I/Users/andrew/zzCoding-play/triton/build_unittest_sanitize/asan/third_party -D__STDC_FORMAT_MACROS  -fPIC -std=gnu++17 -Werror -Wno-covered-switch-default -fvisibility=hidden -O3 -DNDEBUG -std=gnu++17 -arch arm64 -isysroot /Applications/Xcode.app/Contents/Developer/Platforms/MacOSX.platform/Developer/SDKs/MacOSX15.5.sdk  -fno-exceptions -funwind-tables -MD -MT lib/Conversion/TritonInstrumentToLLVM/CMakeFiles/TritonInstrumentToLLVM.dir/InstrumentationToLLVM.cpp.o -MF lib/Conversion/TritonInstrumentToLLVM/CMakeFiles/TritonInstrumentToLLVM.dir/InstrumentationToLLVM.cpp.o.d -o lib/Conversion/TritonInstrumentToLLVM/CMakeFiles/TritonInstrumentToLLVM.dir/InstrumentationToLLVM.cpp.o -c /Users/andrew/zzCoding-play/triton/lib/Conversion/TritonInstrumentToLLVM/InstrumentationToLLVM.cpp
FAILED: [code=1] lib/Conversion/TritonInstrumentToLLVM/CMakeFiles/TritonInstrumentToLLVM.dir/InstrumentationToLLVM.cpp.o 
/opt/homebrew/bin/ccache /Applications/Xcode.app/Contents/Developer/Toolchains/XcodeDefault.xctoolchain/usr/bin/c++  -I/Users/andrew/zzCoding-play/triton/build_unittest_sanitize/asan/lib/Conversion/TritonInstrumentToLLVM -I/Users/andrew/zzCoding-play/triton/lib/Conversion/TritonInstrumentToLLVM -I/Users/andrew/zzCoding-play/triton/include -I/Users/andrew/zzCoding-play/triton/. -I/opt/homebrew/Cellar/llvm/20.1.8/include -I/Users/andrew/zzCoding-play/triton/build_unittest_sanitize/asan/include -I/Users/andrew/zzCoding-play/triton/third_party -I/Users/andrew/zzCoding-play/triton/build_unittest_sanitize/asan/third_party -D__STDC_FORMAT_MACROS  -fPIC -std=gnu++17 -Werror -Wno-covered-switch-default -fvisibility=hidden -O3 -DNDEBUG -std=gnu++17 -arch arm64 -isysroot /Applications/Xcode.app/Contents/Developer/Platforms/MacOSX.platform/Developer/SDKs/MacOSX15.5.sdk  -fno-exceptions -funwind-tables -MD -MT lib/Conversion/TritonInstrumentToLLVM/CMakeFiles/TritonInstrumentToLLVM.dir/InstrumentationToLLVM.cpp.o -MF lib/Conversion/TritonInstrumentToLLVM/CMakeFiles/TritonInstrumentToLLVM.dir/InstrumentationToLLVM.cpp.o.d -o lib/Conversion/TritonInstrumentToLLVM/CMakeFiles/TritonInstrumentToLLVM.dir/InstrumentationToLLVM.cpp.o -c /Users/andrew/zzCoding-play/triton/lib/Conversion/TritonInstrumentToLLVM/InstrumentationToLLVM.cpp
In file included from /Users/andrew/zzCoding-play/triton/lib/Conversion/TritonInstrumentToLLVM/InstrumentationToLLVM.cpp:3:
/Users/andrew/zzCoding-play/triton/./third_party/nvidia/include/Dialect/NVGPU/IR/Dialect.h:32:10: fatal error: 'nvidia/include/Dialect/NVGPU/IR/Dialect.h.inc' file not found
   32 | #include "nvidia/include/Dialect/NVGPU/IR/Dialect.h.inc"
      |          ^~~~~~~~~~~~~~~~~~~~~~~~~~~~~~~~~~~~~~~~~~~~~~~
1 error generated.
[11/115] /opt/homebrew/bin/ccache /Applications/Xcode.app/Contents/Developer/Toolchains/XcodeDefault.xctoolchain/usr/bin/c++  -I/Users/andrew/zzCoding-play/triton/build_unittest_sanitize/asan/lib/Dialect/TritonGPU/Transforms -I/Users/andrew/zzCoding-play/triton/lib/Dialect/TritonGPU/Transforms -I/Users/andrew/zzCoding-play/triton/include -I/Users/andrew/zzCoding-play/triton/. -I/opt/homebrew/Cellar/llvm/20.1.8/include -I/Users/andrew/zzCoding-play/triton/build_unittest_sanitize/asan/include -I/Users/andrew/zzCoding-play/triton/third_party -I/Users/andrew/zzCoding-play/triton/build_unittest_sanitize/asan/third_party -D__STDC_FORMAT_MACROS  -fPIC -std=gnu++17 -Werror -Wno-covered-switch-default -fvisibility=hidden -O3 -DNDEBUG -std=gnu++17 -arch arm64 -isysroot /Applications/Xcode.app/Contents/Developer/Platforms/MacOSX.platform/Developer/SDKs/MacOSX15.5.sdk  -fno-exceptions -funwind-tables -MD -MT lib/Dialect/TritonGPU/Transforms/CMakeFiles/TritonGPUTransforms.dir/OptimizeAccumulatorInit.cpp.o -MF lib/Dialect/TritonGPU/Transforms/CMakeFiles/TritonGPUTransforms.dir/OptimizeAccumulatorInit.cpp.o.d -o lib/Dialect/TritonGPU/Transforms/CMakeFiles/TritonGPUTransforms.dir/OptimizeAccumulatorInit.cpp.o -c /Users/andrew/zzCoding-play/triton/lib/Dialect/TritonGPU/Transforms/OptimizeAccumulatorInit.cpp
FAILED: [code=1] lib/Dialect/TritonGPU/Transforms/CMakeFiles/TritonGPUTransforms.dir/OptimizeAccumulatorInit.cpp.o 
/opt/homebrew/bin/ccache /Applications/Xcode.app/Contents/Developer/Toolchains/XcodeDefault.xctoolchain/usr/bin/c++  -I/Users/andrew/zzCoding-play/triton/build_unittest_sanitize/asan/lib/Dialect/TritonGPU/Transforms -I/Users/andrew/zzCoding-play/triton/lib/Dialect/TritonGPU/Transforms -I/Users/andrew/zzCoding-play/triton/include -I/Users/andrew/zzCoding-play/triton/. -I/opt/homebrew/Cellar/llvm/20.1.8/include -I/Users/andrew/zzCoding-play/triton/build_unittest_sanitize/asan/include -I/Users/andrew/zzCoding-play/triton/third_party -I/Users/andrew/zzCoding-play/triton/build_unittest_sanitize/asan/third_party -D__STDC_FORMAT_MACROS  -fPIC -std=gnu++17 -Werror -Wno-covered-switch-default -fvisibility=hidden -O3 -DNDEBUG -std=gnu++17 -arch arm64 -isysroot /Applications/Xcode.app/Contents/Developer/Platforms/MacOSX.platform/Developer/SDKs/MacOSX15.5.sdk  -fno-exceptions -funwind-tables -MD -MT lib/Dialect/TritonGPU/Transforms/CMakeFiles/TritonGPUTransforms.dir/OptimizeAccumulatorInit.cpp.o -MF lib/Dialect/TritonGPU/Transforms/CMakeFiles/TritonGPUTransforms.dir/OptimizeAccumulatorInit.cpp.o.d -o lib/Dialect/TritonGPU/Transforms/CMakeFiles/TritonGPUTransforms.dir/OptimizeAccumulatorInit.cpp.o -c /Users/andrew/zzCoding-play/triton/lib/Dialect/TritonGPU/Transforms/OptimizeAccumulatorInit.cpp
In file included from /Users/andrew/zzCoding-play/triton/lib/Dialect/TritonGPU/Transforms/OptimizeAccumulatorInit.cpp:5:
In file included from /Users/andrew/zzCoding-play/triton/include/triton/Dialect/TritonGPU/Transforms/Passes.h:5:
/Users/andrew/zzCoding-play/triton/third_party/nvidia/include/Dialect/NVWS/IR/Dialect.h:31:10: fatal error: 'nvidia/include/Dialect/NVWS/IR/Dialect.h.inc' file not found
   31 | #include "nvidia/include/Dialect/NVWS/IR/Dialect.h.inc"
      |          ^~~~~~~~~~~~~~~~~~~~~~~~~~~~~~~~~~~~~~~~~~~~~~
1 error generated.
[12/115] /opt/homebrew/bin/ccache /Applications/Xcode.app/Contents/Developer/Toolchains/XcodeDefault.xctoolchain/usr/bin/c++  -I/Users/andrew/zzCoding-play/triton/build_unittest_sanitize/asan/lib/Conversion/TritonToTritonGPU -I/Users/andrew/zzCoding-play/triton/lib/Conversion/TritonToTritonGPU -I/Users/andrew/zzCoding-play/triton/include -I/Users/andrew/zzCoding-play/triton/. -I/opt/homebrew/Cellar/llvm/20.1.8/include -I/Users/andrew/zzCoding-play/triton/build_unittest_sanitize/asan/include -I/Users/andrew/zzCoding-play/triton/third_party -I/Users/andrew/zzCoding-play/triton/build_unittest_sanitize/asan/third_party -D__STDC_FORMAT_MACROS  -fPIC -std=gnu++17 -Werror -Wno-covered-switch-default -fvisibility=hidden -O3 -DNDEBUG -std=gnu++17 -arch arm64 -isysroot /Applications/Xcode.app/Contents/Developer/Platforms/MacOSX.platform/Developer/SDKs/MacOSX15.5.sdk  -fno-exceptions -funwind-tables -MD -MT lib/Conversion/TritonToTritonGPU/CMakeFiles/TritonToTritonGPU.dir/TritonToTritonGPUPass.cpp.o -MF lib/Conversion/TritonToTritonGPU/CMakeFiles/TritonToTritonGPU.dir/TritonToTritonGPUPass.cpp.o.d -o lib/Conversion/TritonToTritonGPU/CMakeFiles/TritonToTritonGPU.dir/TritonToTritonGPUPass.cpp.o -c /Users/andrew/zzCoding-play/triton/lib/Conversion/TritonToTritonGPU/TritonToTritonGPUPass.cpp
FAILED: [code=1] lib/Conversion/TritonToTritonGPU/CMakeFiles/TritonToTritonGPU.dir/TritonToTritonGPUPass.cpp.o 
/opt/homebrew/bin/ccache /Applications/Xcode.app/Contents/Developer/Toolchains/XcodeDefault.xctoolchain/usr/bin/c++  -I/Users/andrew/zzCoding-play/triton/build_unittest_sanitize/asan/lib/Conversion/TritonToTritonGPU -I/Users/andrew/zzCoding-play/triton/lib/Conversion/TritonToTritonGPU -I/Users/andrew/zzCoding-play/triton/include -I/Users/andrew/zzCoding-play/triton/. -I/opt/homebrew/Cellar/llvm/20.1.8/include -I/Users/andrew/zzCoding-play/triton/build_unittest_sanitize/asan/include -I/Users/andrew/zzCoding-play/triton/third_party -I/Users/andrew/zzCoding-play/triton/build_unittest_sanitize/asan/third_party -D__STDC_FORMAT_MACROS  -fPIC -std=gnu++17 -Werror -Wno-covered-switch-default -fvisibility=hidden -O3 -DNDEBUG -std=gnu++17 -arch arm64 -isysroot /Applications/Xcode.app/Contents/Developer/Platforms/MacOSX.platform/Developer/SDKs/MacOSX15.5.sdk  -fno-exceptions -funwind-tables -MD -MT lib/Conversion/TritonToTritonGPU/CMakeFiles/TritonToTritonGPU.dir/TritonToTritonGPUPass.cpp.o -MF lib/Conversion/TritonToTritonGPU/CMakeFiles/TritonToTritonGPU.dir/TritonToTritonGPUPass.cpp.o.d -o lib/Conversion/TritonToTritonGPU/CMakeFiles/TritonToTritonGPU.dir/TritonToTritonGPUPass.cpp.o -c /Users/andrew/zzCoding-play/triton/lib/Conversion/TritonToTritonGPU/TritonToTritonGPUPass.cpp
/Users/andrew/zzCoding-play/triton/lib/Conversion/TritonToTritonGPU/TritonToTritonGPUPass.cpp:174:43: error: no member named 'cloneWithEncoding' in 'mlir::RankedTensorType'
  174 |     RankedTensorType newArgType = argType.cloneWithEncoding(newArgEncoding);
      |                                   ~~~~~~~ ^
/Users/andrew/zzCoding-play/triton/lib/Conversion/TritonToTritonGPU/TritonToTritonGPUPass.cpp:239:41: error: no member named 'cloneWithEncoding' in 'mlir::RankedTensorType'
  239 |     RankedTensorType retType = origType.cloneWithEncoding(dEncoding);
      |                                ~~~~~~~~ ^
/Users/andrew/zzCoding-play/triton/lib/Conversion/TritonToTritonGPU/TritonToTritonGPUPass.cpp:255:28: error: no member named 'cloneWithEncoding' in 'mlir::RankedTensorType'
  255 |       auto dstType = aType.cloneWithEncoding(encoding);
      |                      ~~~~~ ^
/Users/andrew/zzCoding-play/triton/lib/Conversion/TritonToTritonGPU/TritonToTritonGPUPass.cpp:261:28: error: no member named 'cloneWithEncoding' in 'mlir::RankedTensorType'
  261 |       auto dstType = bType.cloneWithEncoding(encoding);
      |                      ~~~~~ ^
/Users/andrew/zzCoding-play/triton/lib/Conversion/TritonToTritonGPU/TritonToTritonGPUPass.cpp:311:31: error: no member named 'cloneWithEncoding' in 'mlir::RankedTensorType'
  311 |     auto newRetType = retType.cloneWithEncoding(newRetEncoding);
      |                       ~~~~~~~ ^
/Users/andrew/zzCoding-play/triton/lib/Conversion/TritonToTritonGPU/TritonToTritonGPUPass.cpp:384:21: error: no member named 'cloneWithEncoding' in 'mlir::RankedTensorType'
  384 |       srcTy = srcTy.cloneWithEncoding(srcEnc);
      |               ~~~~~ ^
/Users/andrew/zzCoding-play/triton/lib/Conversion/TritonToTritonGPU/TritonToTritonGPUPass.cpp:423:33: error: no member named 'cloneWithEncoding' in 'mlir::RankedTensorType'
  423 |     Type retType = op.getType().cloneWithEncoding(srcEncoding);
      |                    ~~~~~~~~~~~~ ^
7 errors generated.
[13/115] /opt/homebrew/bin/ccache /Applications/Xcode.app/Contents/Developer/Toolchains/XcodeDefault.xctoolchain/usr/bin/c++  -I/Users/andrew/zzCoding-play/triton/build_unittest_sanitize/asan/lib/Conversion/TritonGPUToLLVM -I/Users/andrew/zzCoding-play/triton/lib/Conversion/TritonGPUToLLVM -I/Users/andrew/zzCoding-play/triton/include -I/Users/andrew/zzCoding-play/triton/. -I/opt/homebrew/Cellar/llvm/20.1.8/include -I/Users/andrew/zzCoding-play/triton/build_unittest_sanitize/asan/include -I/Users/andrew/zzCoding-play/triton/third_party -I/Users/andrew/zzCoding-play/triton/build_unittest_sanitize/asan/third_party -D__STDC_FORMAT_MACROS  -fPIC -std=gnu++17 -Werror -Wno-covered-switch-default -fvisibility=hidden -O3 -DNDEBUG -std=gnu++17 -arch arm64 -isysroot /Applications/Xcode.app/Contents/Developer/Platforms/MacOSX.platform/Developer/SDKs/MacOSX15.5.sdk  -fno-exceptions -funwind-tables -MD -MT lib/Conversion/TritonGPUToLLVM/CMakeFiles/TritonGPUToLLVM.dir/Utility.cpp.o -MF lib/Conversion/TritonGPUToLLVM/CMakeFiles/TritonGPUToLLVM.dir/Utility.cpp.o.d -o lib/Conversion/TritonGPUToLLVM/CMakeFiles/TritonGPUToLLVM.dir/Utility.cpp.o -c /Users/andrew/zzCoding-play/triton/lib/Conversion/TritonGPUToLLVM/Utility.cpp
FAILED: [code=1] lib/Conversion/TritonGPUToLLVM/CMakeFiles/TritonGPUToLLVM.dir/Utility.cpp.o 
/opt/homebrew/bin/ccache /Applications/Xcode.app/Contents/Developer/Toolchains/XcodeDefault.xctoolchain/usr/bin/c++  -I/Users/andrew/zzCoding-play/triton/build_unittest_sanitize/asan/lib/Conversion/TritonGPUToLLVM -I/Users/andrew/zzCoding-play/triton/lib/Conversion/TritonGPUToLLVM -I/Users/andrew/zzCoding-play/triton/include -I/Users/andrew/zzCoding-play/triton/. -I/opt/homebrew/Cellar/llvm/20.1.8/include -I/Users/andrew/zzCoding-play/triton/build_unittest_sanitize/asan/include -I/Users/andrew/zzCoding-play/triton/third_party -I/Users/andrew/zzCoding-play/triton/build_unittest_sanitize/asan/third_party -D__STDC_FORMAT_MACROS  -fPIC -std=gnu++17 -Werror -Wno-covered-switch-default -fvisibility=hidden -O3 -DNDEBUG -std=gnu++17 -arch arm64 -isysroot /Applications/Xcode.app/Contents/Developer/Platforms/MacOSX.platform/Developer/SDKs/MacOSX15.5.sdk  -fno-exceptions -funwind-tables -MD -MT lib/Conversion/TritonGPUToLLVM/CMakeFiles/TritonGPUToLLVM.dir/Utility.cpp.o -MF lib/Conversion/TritonGPUToLLVM/CMakeFiles/TritonGPUToLLVM.dir/Utility.cpp.o.d -o lib/Conversion/TritonGPUToLLVM/CMakeFiles/TritonGPUToLLVM.dir/Utility.cpp.o -c /Users/andrew/zzCoding-play/triton/lib/Conversion/TritonGPUToLLVM/Utility.cpp
/Users/andrew/zzCoding-play/triton/lib/Conversion/TritonGPUToLLVM/Utility.cpp:676:23: error: no member named 'GEPNoWrapFlags' in namespace 'mlir::LLVM'
  676 |                 LLVM::GEPNoWrapFlags::inbounds);
      |                 ~~~~~~^
/Users/andrew/zzCoding-play/triton/lib/Conversion/TritonGPUToLLVM/Utility.cpp:817:32: error: no member named 'GEPNoWrapFlags' in namespace 'mlir::LLVM'
  817 |                          LLVM::GEPNoWrapFlags::inbounds);
      |                          ~~~~~~^
2 errors generated.
[14/115] /opt/homebrew/bin/ccache /Applications/Xcode.app/Contents/Developer/Toolchains/XcodeDefault.xctoolchain/usr/bin/c++  -I/Users/andrew/zzCoding-play/triton/build_unittest_sanitize/asan/lib/Conversion/TritonGPUToLLVM -I/Users/andrew/zzCoding-play/triton/lib/Conversion/TritonGPUToLLVM -I/Users/andrew/zzCoding-play/triton/include -I/Users/andrew/zzCoding-play/triton/. -I/opt/homebrew/Cellar/llvm/20.1.8/include -I/Users/andrew/zzCoding-play/triton/build_unittest_sanitize/asan/include -I/Users/andrew/zzCoding-play/triton/third_party -I/Users/andrew/zzCoding-play/triton/build_unittest_sanitize/asan/third_party -D__STDC_FORMAT_MACROS  -fPIC -std=gnu++17 -Werror -Wno-covered-switch-default -fvisibility=hidden -O3 -DNDEBUG -std=gnu++17 -arch arm64 -isysroot /Applications/Xcode.app/Contents/Developer/Platforms/MacOSX.platform/Developer/SDKs/MacOSX15.5.sdk  -fno-exceptions -funwind-tables -MD -MT lib/Conversion/TritonGPUToLLVM/CMakeFiles/TritonGPUToLLVM.dir/ElementwiseOpToLLVM.cpp.o -MF lib/Conversion/TritonGPUToLLVM/CMakeFiles/TritonGPUToLLVM.dir/ElementwiseOpToLLVM.cpp.o.d -o lib/Conversion/TritonGPUToLLVM/CMakeFiles/TritonGPUToLLVM.dir/ElementwiseOpToLLVM.cpp.o -c /Users/andrew/zzCoding-play/triton/lib/Conversion/TritonGPUToLLVM/ElementwiseOpToLLVM.cpp
FAILED: [code=1] lib/Conversion/TritonGPUToLLVM/CMakeFiles/TritonGPUToLLVM.dir/ElementwiseOpToLLVM.cpp.o 
/opt/homebrew/bin/ccache /Applications/Xcode.app/Contents/Developer/Toolchains/XcodeDefault.xctoolchain/usr/bin/c++  -I/Users/andrew/zzCoding-play/triton/build_unittest_sanitize/asan/lib/Conversion/TritonGPUToLLVM -I/Users/andrew/zzCoding-play/triton/lib/Conversion/TritonGPUToLLVM -I/Users/andrew/zzCoding-play/triton/include -I/Users/andrew/zzCoding-play/triton/. -I/opt/homebrew/Cellar/llvm/20.1.8/include -I/Users/andrew/zzCoding-play/triton/build_unittest_sanitize/asan/include -I/Users/andrew/zzCoding-play/triton/third_party -I/Users/andrew/zzCoding-play/triton/build_unittest_sanitize/asan/third_party -D__STDC_FORMAT_MACROS  -fPIC -std=gnu++17 -Werror -Wno-covered-switch-default -fvisibility=hidden -O3 -DNDEBUG -std=gnu++17 -arch arm64 -isysroot /Applications/Xcode.app/Contents/Developer/Platforms/MacOSX.platform/Developer/SDKs/MacOSX15.5.sdk  -fno-exceptions -funwind-tables -MD -MT lib/Conversion/TritonGPUToLLVM/CMakeFiles/TritonGPUToLLVM.dir/ElementwiseOpToLLVM.cpp.o -MF lib/Conversion/TritonGPUToLLVM/CMakeFiles/TritonGPUToLLVM.dir/ElementwiseOpToLLVM.cpp.o.d -o lib/Conversion/TritonGPUToLLVM/CMakeFiles/TritonGPUToLLVM.dir/ElementwiseOpToLLVM.cpp.o -c /Users/andrew/zzCoding-play/triton/lib/Conversion/TritonGPUToLLVM/ElementwiseOpToLLVM.cpp
In file included from /Users/andrew/zzCoding-play/triton/lib/Conversion/TritonGPUToLLVM/ElementwiseOpToLLVM.cpp:1:
In file included from /opt/homebrew/Cellar/llvm/20.1.8/include/mlir/Conversion/LLVMCommon/Pattern.h:13:
In file included from /opt/homebrew/Cellar/llvm/20.1.8/include/mlir/Conversion/LLVMCommon/TypeConverter.h:19:
In file included from /opt/homebrew/Cellar/llvm/20.1.8/include/mlir/Transforms/DialectConversion.h:17:
In file included from /opt/homebrew/Cellar/llvm/20.1.8/include/mlir/Rewrite/FrozenRewritePatternSet.h:12:
In file included from /opt/homebrew/Cellar/llvm/20.1.8/include/mlir/IR/PatternMatch.h:12:
/opt/homebrew/Cellar/llvm/20.1.8/include/mlir/IR/Builders.h:507:5: error: no matching function for call to 'build'
  507 |     OpTy::build(*this, state, std::forward<Args>(args)...);
      |     ^~~~~~~~~~~
/Users/andrew/zzCoding-play/triton/lib/Conversion/TritonGPUToLLVM/ElementwiseOpToLLVM.cpp:295:14: note: in instantiation of function template specialization 'mlir::OpBuilder::create<mlir::LLVM::InlineAsmOp, mlir::Type &, llvm::SmallVector<mlir::Value> &, llvm::StringRef, llvm::StringRef, bool, bool, mlir::LLVM::tailcallkind::TailCallKind, mlir::LLVM::AsmDialectAttr, mlir::ArrayAttr>' requested here
  295 |             .create<LLVM::InlineAsmOp>(
      |              ^
/opt/homebrew/Cellar/llvm/20.1.8/include/mlir/Dialect/LLVMIR/LLVMOps.h.inc:10242:15: note: candidate function not viable: requires 10 arguments, but 11 were provided
 10242 |   static void build(::mlir::OpBuilder &odsBuilder, ::mlir::OperationState &odsState, /*optional*/::mlir::Type res, ::mlir::ValueRange operands, ::mlir::StringAttr asm_string, ::mlir::StringAttr constraints, /*optional*/::mlir::UnitAttr has_side_effects, /*optional*/::mlir::UnitAttr is_align_stack, /*optional*/::mlir::LLVM::AsmDialectAttr asm_dialect, /*optional*/::mlir::ArrayAttr operand_attrs);
       |               ^     ~~~~~~~~~~~~~~~~~~~~~~~~~~~~~~~~~~~~~~~~~~~~~~~~~~~~~~~~~~~~~~~~~~~~~~~~~~~~~~~~~~~~~~~~~~~~~~~~~~~~~~~~~~~~~~~~~~~~~~~~~~~~~~~~~~~~~~~~~~~~~~~~~~~~~~~~~~~~~~~~~~~~~~~~~~~~~~~~~~~~~~~~~~~~~~~~~~~~~~~~~~~~~~~~~~~~~~~~~~~~~~~~~~~~~~~~~~~~~~~~~~~~~~~~~~~~~~~~~~~~~~~~~~~~~~~~~~~~~~~~~~~~~~~~~~~~~~~~~~~~~~~~~~~~~~~~~~~~~~~~~~~~~~~~~~~~~~~~~~~~~~~~~~~~~~~~~~~~~~~~~~~~~~~~~~~~~~~~
/opt/homebrew/Cellar/llvm/20.1.8/include/mlir/Dialect/LLVMIR/LLVMOps.h.inc:10243:15: note: candidate function not viable: requires 10 arguments, but 11 were provided
 10243 |   static void build(::mlir::OpBuilder &odsBuilder, ::mlir::OperationState &odsState, ::mlir::TypeRange resultTypes, ::mlir::ValueRange operands, ::mlir::StringAttr asm_string, ::mlir::StringAttr constraints, /*optional*/::mlir::UnitAttr has_side_effects, /*optional*/::mlir::UnitAttr is_align_stack, /*optional*/::mlir::LLVM::AsmDialectAttr asm_dialect, /*optional*/::mlir::ArrayAttr operand_attrs);
       |               ^     ~~~~~~~~~~~~~~~~~~~~~~~~~~~~~~~~~~~~~~~~~~~~~~~~~~~~~~~~~~~~~~~~~~~~~~~~~~~~~~~~~~~~~~~~~~~~~~~~~~~~~~~~~~~~~~~~~~~~~~~~~~~~~~~~~~~~~~~~~~~~~~~~~~~~~~~~~~~~~~~~~~~~~~~~~~~~~~~~~~~~~~~~~~~~~~~~~~~~~~~~~~~~~~~~~~~~~~~~~~~~~~~~~~~~~~~~~~~~~~~~~~~~~~~~~~~~~~~~~~~~~~~~~~~~~~~~~~~~~~~~~~~~~~~~~~~~~~~~~~~~~~~~~~~~~~~~~~~~~~~~~~~~~~~~~~~~~~~~~~~~~~~~~~~~~~~~~~~~~~~~~~~~~~~~~~~~~~~~~
/opt/homebrew/Cellar/llvm/20.1.8/include/mlir/Dialect/LLVMIR/LLVMOps.h.inc:10244:15: note: candidate function not viable: requires 10 arguments, but 11 were provided
 10244 |   static void build(::mlir::OpBuilder &odsBuilder, ::mlir::OperationState &odsState, /*optional*/::mlir::Type res, ::mlir::ValueRange operands, ::llvm::StringRef asm_string, ::llvm::StringRef constraints, /*optional*/bool has_side_effects, /*optional*/bool is_align_stack, /*optional*/::mlir::LLVM::AsmDialectAttr asm_dialect, /*optional*/::mlir::ArrayAttr operand_attrs);
       |               ^     ~~~~~~~~~~~~~~~~~~~~~~~~~~~~~~~~~~~~~~~~~~~~~~~~~~~~~~~~~~~~~~~~~~~~~~~~~~~~~~~~~~~~~~~~~~~~~~~~~~~~~~~~~~~~~~~~~~~~~~~~~~~~~~~~~~~~~~~~~~~~~~~~~~~~~~~~~~~~~~~~~~~~~~~~~~~~~~~~~~~~~~~~~~~~~~~~~~~~~~~~~~~~~~~~~~~~~~~~~~~~~~~~~~~~~~~~~~~~~~~~~~~~~~~~~~~~~~~~~~~~~~~~~~~~~~~~~~~~~~~~~~~~~~~~~~~~~~~~~~~~~~~~~~~~~~~~~~~~~~~~~~~~~~~~~~~~~~~~~~~~~~~~~~~~~~
/opt/homebrew/Cellar/llvm/20.1.8/include/mlir/Dialect/LLVMIR/LLVMOps.h.inc:10245:15: note: candidate function not viable: requires 10 arguments, but 11 were provided
 10245 |   static void build(::mlir::OpBuilder &odsBuilder, ::mlir::OperationState &odsState, ::mlir::TypeRange resultTypes, ::mlir::ValueRange operands, ::llvm::StringRef asm_string, ::llvm::StringRef constraints, /*optional*/bool has_side_effects, /*optional*/bool is_align_stack, /*optional*/::mlir::LLVM::AsmDialectAttr asm_dialect, /*optional*/::mlir::ArrayAttr operand_attrs);
       |               ^     ~~~~~~~~~~~~~~~~~~~~~~~~~~~~~~~~~~~~~~~~~~~~~~~~~~~~~~~~~~~~~~~~~~~~~~~~~~~~~~~~~~~~~~~~~~~~~~~~~~~~~~~~~~~~~~~~~~~~~~~~~~~~~~~~~~~~~~~~~~~~~~~~~~~~~~~~~~~~~~~~~~~~~~~~~~~~~~~~~~~~~~~~~~~~~~~~~~~~~~~~~~~~~~~~~~~~~~~~~~~~~~~~~~~~~~~~~~~~~~~~~~~~~~~~~~~~~~~~~~~~~~~~~~~~~~~~~~~~~~~~~~~~~~~~~~~~~~~~~~~~~~~~~~~~~~~~~~~~~~~~~~~~~~~~~~~~~~~~~~~~~~~~~~~~~~~
/opt/homebrew/Cellar/llvm/20.1.8/include/mlir/Dialect/LLVMIR/LLVMOps.h.inc:10246:15: note: candidate function not viable: requires at most 5 arguments, but 11 were provided
 10246 |   static void build(::mlir::OpBuilder &, ::mlir::OperationState &odsState, ::mlir::TypeRange resultTypes, ::mlir::ValueRange operands, ::llvm::ArrayRef<::mlir::NamedAttribute> attributes = {});
       |               ^     ~~~~~~~~~~~~~~~~~~~~~~~~~~~~~~~~~~~~~~~~~~~~~~~~~~~~~~~~~~~~~~~~~~~~~~~~~~~~~~~~~~~~~~~~~~~~~~~~~~~~~~~~~~~~~~~~~~~~~~~~~~~~~~~~~~~~~~~~~~~~~~~~~~~~~~~~~~~~~~~~~~~~~~~~~~~
1 error generated.
ninja: build stopped: subcommand failed.
